<?xml version="1.0" encoding="UTF-8"?>
<coverage generated="1552392010032" clover="3.2.0">
  <project timestamp="1552392010032" name="All files">
    <metrics statements="6" coveredstatements="6" conditionals="0" coveredconditionals="0" methods="4" coveredmethods="4" elements="10" coveredelements="10" complexity="0" loc="6" ncloc="6" packages="1" files="1" classes="1"/>
    <file name="Loader.js" path="C:\Users\User\Desktop\vtm-news-app\js\components\Loader.js">
      <metrics statements="6" coveredstatements="6" conditionals="0" coveredconditionals="0" methods="4" coveredmethods="4"/>
      <line num="3" count="1" type="stmt"/>
      <line num="4" count="1" type="stmt"/>
      <line num="7" count="1" type="stmt"/>
      <line num="8" count="1" type="stmt"/>
      <line num="11" count="1" type="stmt"/>
      <line num="14" count="1" type="stmt"/>
    </file>
  </project>
</coverage>
